INFO:root:Processed OCR Result:
INFO:root:
INFO:root:Processed OCR Result:
INFO:root:
INFO:root:Processed OCR Result:
INFO:root:g

a

10:02:41 PM] KlickarDigNu : [Longbow] 1250G

[10:02:41 PM] FredzWarl : [Warden Outfit] offer

[10:02:42 PMJORK : [Forest Hood] 100g

[10:02:42 PM] SwitchTV : [Longbow], [Longbow], [Longbow] 150g all
[10:02:42 PM] yuyudie : [Splendid Cloak], [Forest Hood] 200g all
[10:02:43 PM] 984456

2PAH,COM SELL Cheap Gold
[Leather Gloves]

[10:02:43 PM] barbarianll223 : [Recurve Bow]350g[ Forest Hood J50g

[10:02:43 PM] MikeOckiner : [Forest Hood], [Forest Hood J50g for both

[10:02:43 PM] shiqimao4 : [Loose Trousers ]150g.

[10:02:44 PM] October7 : [Reinforced Gloves ]80g

AG ——- _ _—
| TwoSwordSteve :

i
a


INFO:root:Processed OCR Result:
INFO:root:1K==lusd...[ Leather Gloves}
[10:02:43 PM] barbarianll223 : [Recurve Bow]350g[ Forest Hood J50g
[10:02:43 PM] MikeOckiner : [Forest Hood], [Forest Hood ]50g for both
[10:02:43 PM] shiqimao4 : [Loose Trousers ]150g.
[10:02:44 PM] October7 : [Reinforced Gloves ]80g
[10:02:45 PM] mkkeo : [Longbow]600[Recurve Bow]400
[10:02:45 PM] ZardCrush : [Longbow]1100
[10:02:46 PM] CUCHIK : [Recurve Bow]50
[10:02:47 PM] Cyfrin : [Longbow]45g
[10:02:47 PM] JenaTolls : [Crossbow ]250g
[10:02:47 PM] IMTROLLING : [Recurve Bow] 100gg
[10:02:47 PM] sleptt : [Longbow]350G +1 ALL ATT
[10:02:48 PM] aa006 : [Adventurer Cloak J150

anal


INFO:root:Processed OCR Result:
INFO:root:[10:62:43 PM] shigimao4 : [Loose Trousers ]150g.

\Microsoft\WindowsApps\python3.11.exe "
ing? (yes/no): yes

':\Users\coolb\Desktop\New folder (2)\uni\t

INFO:root:Processed OCR Result:
INFO:root:[10:62:43 PM] shigimao4 : [Loose Trousers ]150g.

\Microsoft\WindowsApps\python3.11.exe "C:\Users\coolb\Desktop\New folder (2)\uni\s
ing? (yes/no): yes
ext regions and press ‘s' to save annotations...

INFO:root:Processed OCR Result:
INFO:root:[10:62:43 PM] shigimao4 : [Loose Trousers ]150g.

\Microsoft\WindowsApps\python3.11.exe "C:\Users\coolb\Desktop\New folder (2)\uni\s
ing? (yes/no): yes

ext regions and press ‘s' to save annotations...

ext regions and press ‘s' to save annotations...

INFO:root:Processed OCR Result:
INFO:root:\Microsoft\WindowsApps\python3.11.exe "
ing? (yes/no): yes

':\Users\coolb\Desktop\New folder (2)\uni\t

INFO:root:Processed OCR Result:
INFO:root:\Microsoft\WindowsApps\python3.11.exe "C:\Users\coolb\Desktop\New folder (2)\uni\s
ing? (yes/no): yes
ext regions and press ‘s' to save annotations...

INFO:root:Processed OCR Result:
INFO:root:\Microsoft\WindowsApps\python3.11.exe "C:\Users\coolb\Desktop\New folder (2)\uni\s
ing? (yes/no): yes

ext regions and press ‘s' to save annotations...

ext regions and press ‘s' to save annotations...

ERROR:root:Unexpected error in process_ocr_results: (1, 'Error, cannot read input file C:\\Users\\coolb\\Desktop\\New folder (2)\\uni\\main\\Python\\Python bot: Permission denied Error during processing.')
ERROR:root:Unexpected error in process_ocr_results: (1, 'Error, cannot read input file C:\\Users\\coolb\\Desktop\\New folder (2)\\uni\\main\\Python\\Python bot: Permission denied Error during processing.')
ERROR:root:Unexpected error in process_ocr_results: (1, 'Error, cannot read input file C:\\Users\\coolb\\Desktop\\New folder (2)\\uni\\main\\Python\\Python bot\\ted text: sing ocr results... is nothing to export : No such file or directory Error during processing.')
ERROR:root:Unexpected error in process_ocr_results: (1, 'Error, cannot read input file C:\\Users\\coolb\\Desktop\\New folder (2)\\uni\\main\\Python\\Python bot\\ted text: sing ocr results... is nothing to export ted text: sing ocr results... is nothing to export : Invalid argument Error during processing.')
ERROR:root:Unexpected error in process_ocr_results: (1, 'Error, cannot read input file C:\\Users\\coolb\\Desktop\\New folder (2)\\uni\\main\\Python\\Python bot\\sing vlr pesults... is nothing to export ted tex sing ocr results... is nothing to export ted text: ted text: pr results...  ving to export  sing ocr results... is nothing to export : Invalid argument Error during processing.')
ERROR:root:Unexpected error in process_ocr_results: (1, 'Error, cannot read input file C:\\Users\\coolb\\Desktop\\New folder (2)\\uni\\main\\Python\\Python bot\\sing vlr pesults... is nothing to export ted text: ted text: pr results...  ving to export  xt:  pr results...  ving to export  sing ocr results... is nothing to export : Invalid argument Error during processing.')
ERROR:root:Unexpected error in process_ocr_results: (1, 'Error, cannot read input file C:\\Users\\coolb\\Desktop\\New folder (2)\\uni\\main\\Python\\Python bot\\ling to export xt: ted text: ylts...  2 export.  pr results... ving to export  sing ocr results... is nothing to export : Invalid argument Error during processing.')
ERROR:root:Unexpected error in process_ocr_results: (1, 'Error, cannot read input file C:\\Users\\coolb\\Desktop\\New folder (2)\\uni\\main\\Python\\Python bot\\ylts...  2 export.  pr results... ving to export  sing ocr results... is nothing to export : Invalid argument Error during processing.')
ERROR:root:Unexpected error in process_ocr_results: (1, 'Error, cannot read input file C:\\Users\\coolb\\Desktop\\New folder (2)\\uni\\main\\Python\\Python bot\\rt.  sts... 2 export.  pr results... ving to export  sing ocr results... is nothing to export : Invalid argument Error during processing.')
ERROR:root:Unexpected error in process_ocr_results: (1, 'Error, cannot read input file C:\\Users\\coolb\\Desktop\\New folder (2)\\uni\\main\\Python\\Python bot\\rt.  sts... 2 export.  pr results... ving to export  sing ocr results... is nothing to export : Invalid argument Error during processing.')
ERROR:root:Unexpected error in process_ocr_results: (1, 'Error, cannot read input file C:\\Users\\coolb\\Desktop\\New folder (2)\\uni\\main\\Python\\Python bot\\rt.  sts... 2 export.  pr results... ving to export  sing ocr results... is nothing to export : Invalid argument Error during processing.')
ERROR:root:Unexpected error in process_ocr_results: (1, 'Error, cannot read input file C:\\Users\\coolb\\Desktop\\New folder (2)\\uni\\main\\Python\\Python bot\\rt.  sts... 2 export.  pr results... ving to export  sing ocr results... is nothing to export : Invalid argument Error during processing.')
ERROR:root:UnicodeDecodeError in process_ocr_results: 'utf-8' codec can't decode byte 0x91 in position 760: invalid start byte
ERROR:root:UnicodeDecodeError in process_ocr_results: 'utf-8' codec can't decode byte 0x91 in position 760: invalid start byte
ERROR:root:Unexpected error in process_ocr_results: (1, 'Error, cannot read input file C:\\Users\\coolb\\Desktop\\New folder (2)\\uni\\main\\Python\\Python bot\\2 aml 90l1ldlok . ~-mrn~~nncmenncmmmn 2 buying ug ea. se tvandy lom) ses sass buying 150g ea! ~>[gold ore]  3eeosae oso buying 7508 ea! ~>[gold ingot]  buying 1256g eai =>[ troll pelt  36 amjhiigbhikg : [gold ore] 3 600  >ennnean-  yoswordsteve  sing ocr results... : No such file or directory Error during processing.')
ERROR:root:Unexpected error in process_ocr_results: (1, 'Error, cannot read input file C:\\Users\\coolb\\Desktop\\New folder (2)\\uni\\main\\Python\\Python bot\\pea ae aho meru greta ct lect pre as me toate wasssseesassa2+ == buying 750g ea! ~>[gold wan a2+++~a=+~>~>==~~buying 1250g ea! =>[ troll  [7:14:50 am] bardbot7492 : [gold ore]x2 350g  [7:14:54 am] murderlsawesome : [gold ore] x6 1250g  [7:14:55 amjhjigbhikg : [gold ore] 3 600  [7:14:55 am] priestboytoy : wtb [gold ore] 170g each  [15:03 am] akinorrirouge : [gold ore]3x 600g  [7:15:06 am] solidcok : ~~~~~~~~~~~~~=-~-~~~sbuying 10g ea! ~>[candy. wasssnessassss2+=+++ buying 150g ea! ->[gold wassnseenaaes2+++dbuying 750g ea! ~>[gold, aannseneeaa222++=-~dbuying 1250g ea! =>[ troll  [7:15:06 amjhiigbhikg : [gold ore] 3 600  | twoswordsteve:  oget-text_co  @orocess oct  run = @ main  go  [15:03 am] [715:06 am soseessoes saseesaeeo 1 sosneenn  le  n : No such file or directory Error during processing.')
ERROR:root:Unexpected error in process_ocr_results: (1, "Error, cannot read input file C:\\Users\\coolb\\Desktop\\New folder (2)\\uni\\main\\Python\\Python bot\\pei e punaenab nan re ors as  elt). ree lt tte i et w++vvevveeoo=2==>=~buying 1250g ea! ~>| troll pelt) [7:14:50 am] bardbot7492 : [gold ore'}x2 350g  [7:14:54 am] murderlsawesome : [gold ore] x6 1250g  [7:14:55 am] hjigbhikg : [gold ore] 3 600  [7:14:55 am] priestboytoy : wtb [gold ore] 1706 each  [7:15:03 am] akinorrirouge : [gold ore'j3x 600g  sonseeeeseeeeeeeee es buying 150g eat=> tyne 160g eai ->[.gold ingot]  sovveeveeeeeao=2=~buying 1250g ea! =>| troll pelt) [7:15:06 am] hjigbhikg : [gold ore] _3 600  [7:15:09 am] laomaogiai : [gold ore]wtb 2=250 4=500 8=1000 10=1250  at twoswordsteve: _  : No such file or directory Error during processing.")
ERROR:root:UnicodeDecodeError in process_ocr_results: 'utf-8' codec can't decode byte 0x97 in position 812: invalid start byte
ERROR:root:UnicodeDecodeError in process_ocr_results: 'utf-8' codec can't decode byte 0x97 in position 812: invalid start byte
ERROR:root:UnicodeDecodeError in process_ocr_results: 'utf-8' codec can't decode byte 0x97 in position 812: invalid start byte
ERROR:root:UnicodeDecodeError in process_ocr_results: 'utf-8' codec can't decode byte 0x97 in position 812: invalid start byte
ERROR:root:Unexpected error in process_ocr_results: (1, 'Error, cannot read input file C:\\Users\\coolb\\Desktop\\New folder (2)\\uni\\main\\Python\\Python bot\\pert spos rs oss sro teta shi aire ears a ae telah  [7:14:50 am] bardbot7492 : [gold ore}x2 350g,  [7:14:54 am] murderlsawesome : [gold ore] x6 1250g  [7:14:55 am] hjigbhikg : [gold ore] 3 600  [7:14:55 am] priestboytoy : wtb [gold ore] 1706 each  [7:15:03 am] akinorrirouge : [gold ore]3x 600g  [7:15:06 am] solidcok : ~~~~~~~~~~~~~~~~~~~~>buying 10g ea! ~>[candy com] weeeeeeeeeeeeeaoa=2=buying 150g ea! ~>[ gold ore] weveeeeeeeeeeaaeo2>= buying 750g ea! ~>[ gold ingot] xoeveeeeeeeeoeoo2>~buying 1250g ea! =>[ troll pelt)  [7:15:06 amjhjigbhikg : [gold ore] 3 600  [7:15:09 ami laomaogiai : [gold ore] wtb 2=250 4=500 8=1000 10=1250  [715311 am] dukandduku : [gold ore] x8 wts 200g each  : No such file or directory Error during processing.')
ERROR:root:Unexpected error in process_ocr_results: (1, 'Error, cannot read input file C:\\Users\\coolb\\Desktop\\New folder (2)\\uni\\main\\Python\\Python bot\\pert spos rs oss sro teta shi aire ears a ae telah  [7:14:50 am] bardbot7492 : [gold ore}x2 350g,  [7:14:54 am] murderlsawesome : [gold ore] x6 1250g  [7:14:55 am] hjigbhikg : [gold ore] 3 600  [7:14:55 am] priestboytoy : wtb [gold ore] 1706 each  [7:15:03 am] akinorrirouge : [gold ore]3x 600g  [7:15:06 am] solidcok : ~~~~~~~~~~~~~~~~~~~~>buying 10g ea! ~>[candy com] weeeeeeeeeeeeeaoa=2=buying 150g ea! ~>[ gold ore] weveeeeeeeeeeaaeo2>= buying 750g ea! ~>[ gold ingot] xoeveeeeeeeeoeoo2>~buying 1250g ea! =>[ troll pelt)  [7:15:06 amjhjigbhikg : [gold ore] 3 600  [7:15:09 ami laomaogiai : [gold ore] wtb 2=250 4=500 8=1000 10=1250  [715311 am] dukandduku : [gold ore] x8 wts 200g each  : No such file or directory Error during processing.')
ERROR:root:Unexpected error in process_ocr_results: (1, 'Error, cannot read input file C:\\Users\\coolb\\Desktop\\New folder (2)\\uni\\main\\Python\\Python bot\\pert spos rs oss sro teta shi aire ears a ae telah  [7:14:50 am] bardbot7492 : [gold ore}x2 350g,  [7:14:54 am] murderlsawesome : [gold ore] x6 1250g  [7:14:55 am] hjigbhikg : [gold ore] 3 600  [7:14:55 am] priestboytoy : wtb [gold ore] 1706 each  [7:15:03 am] akinorrirouge : [gold ore]3x 600g  [7:15:06 am] solidcok : ~~~~~~~~~~~~~~~~~~~~>buying 10g ea! ~>[candy com] weeeeeeeeeeeeeaoa=2=buying 150g ea! ~>[ gold ore] weveeeeeeeeeeaaeo2>= buying 750g ea! ~>[ gold ingot] xoeveeeeeeeeoeoo2>~buying 1250g ea! =>[ troll pelt)  [7:15:06 amjhjigbhikg : [gold ore] 3 600  [7:15:09 ami laomaogiai : [gold ore] wtb 2=250 4=500 8=1000 10=1250  [715311 am] dukandduku : [gold ore] x8 wts 200g each  : No such file or directory Error during processing.')
ERROR:root:Unexpected error in process_ocr_results: (1, 'Error, cannot read input file C:\\Users\\coolb\\Desktop\\New folder (2)\\uni\\main\\Python\\Python bot\\pert spos rs oss sro teta shi aire ears a ae telah  [7:14:50 am] bardbot7492 : [gold ore}x2 350g,  [7:14:54 am] murderlsawesome : [gold ore] x6 1250g  [7:14:55 am] hjigbhikg : [gold ore] 3 600  [7:14:55 am] priestboytoy : wtb [gold ore] 1706 each  [7:15:03 am] akinorrirouge : [gold ore]3x 600g  [7:15:06 am] solidcok : ~~~~~~~~~~~~~~~~~~~~>buying 10g ea! ~>[candy com] weeeeeeeeeeeeeaoa=2=buying 150g ea! ~>[ gold ore] weveeeeeeeeeeaaeo2>= buying 750g ea! ~>[ gold ingot] xoeveeeeeeeeoeoo2>~buying 1250g ea! =>[ troll pelt)  [7:15:06 amjhjigbhikg : [gold ore] 3 600  [7:15:09 ami laomaogiai : [gold ore] wtb 2=250 4=500 8=1000 10=1250  [715311 am] dukandduku : [gold ore] x8 wts 200g each  : No such file or directory Error during processing.')
ERROR:root:UnicodeDecodeError in process_ocr_results: 'utf-8' codec can't decode byte 0x91 in position 828: invalid start byte
ERROR:root:Unexpected error in process_ocr_results: (1, 'Error, cannot read input file C:\\Users\\coolb\\Desktop\\New folder (2)\\uni\\main\\Python\\Python bot: Permission denied Error during processing.')
ERROR:root:Unexpected error in process_ocr_results: (1, 'Error, cannot read input file C:\\Users\\coolb\\Desktop\\New folder (2)\\uni\\main\\Python\\Python bot: Permission denied Error during processing.')
ERROR:root:Unexpected error in process_ocr_results: (1, 'Error, cannot read input file C:\\Users\\coolb\\Desktop\\New folder (2)\\uni\\main\\Python\\Python bot: Permission denied Error during processing.')
ERROR:root:Unexpected error in process_ocr_results: (1, 'Error, cannot read input file C:\\Users\\coolb\\Desktop\\New folder (2)\\uni\\main\\Python\\Python bot: Permission denied Error during processing.')
ERROR:root:Unexpected error in process_ocr_results: (1, 'Error, cannot read input file C:\\Users\\coolb\\Desktop\\New folder (2)\\uni\\main\\Python\\Python bot: Permission denied Error during processing.')
ERROR:root:Unexpected error in process_ocr_results: (1, 'Error, cannot read input file C:\\Users\\coolb\\Desktop\\New folder (2)\\uni\\main\\Python\\Python bot: Permission denied Error during processing.')
ERROR:root:Unexpected error in process_ocr_results: (1, 'Error, cannot read input file C:\\Users\\coolb\\Desktop\\New folder (2)\\uni\\main\\Python\\Python bot: Permission denied Error during processing.')
ERROR:root:Unexpected error in process_ocr_results: (1, 'Error, cannot read input file C:\\Users\\coolb\\Desktop\\New folder (2)\\uni\\main\\Python\\Python bot: Permission denied Error during processing.')
ERROR:root:Unexpected error in process_ocr_results: (1, 'Error, cannot read input file C:\\Users\\coolb\\Desktop\\New folder (2)\\uni\\main\\Python\\Python bot: Permission denied Error during processing.')
ERROR:root:Unexpected error in process_ocr_results: (1, 'Error, cannot read input file C:\\Users\\coolb\\Desktop\\New folder (2)\\uni\\main\\Python\\Python bot: Permission denied Error during processing.')
ERROR:root:Unexpected error in process_ocr_results: (1, 'Error, cannot read input file C:\\Users\\coolb\\Desktop\\New folder (2)\\uni\\main\\Python\\Python bot: Permission denied Error during processing.')
ERROR:root:Unexpected error in process_ocr_results: (1, 'Error, cannot read input file C:\\Users\\coolb\\Desktop\\New folder (2)\\uni\\main\\Python\\Python bot: Permission denied Error during processing.')
ERROR:root:Unexpected error in process_ocr_results: (1, 'Error, cannot read input file C:\\Users\\coolb\\Desktop\\New folder (2)\\uni\\main\\Python\\Python bot: Permission denied Error during processing.')
ERROR:root:Unexpected error in process_ocr_results: (1, 'Error, cannot read input file C:\\Users\\coolb\\Desktop\\New folder (2)\\uni\\main\\Python\\Python bot: Permission denied Error during processing.')
ERROR:root:Unexpected error in process_ocr_results: (1, 'Error, cannot read input file C:\\Users\\coolb\\Desktop\\New folder (2)\\uni\\main\\Python\\Python bot: Permission denied Error during processing.')
ERROR:root:Unexpected error in process_ocr_results: (1, 'Error, cannot read input file C:\\Users\\coolb\\Desktop\\New folder (2)\\uni\\main\\Python\\Python bot: Permission denied Error during processing.')
ERROR:root:Unexpected error in process_ocr_results: (1, 'Error, cannot read input file C:\\Users\\coolb\\Desktop\\New folder (2)\\uni\\main\\Python\\Python bot: Permission denied Error during processing.')
ERROR:root:Unexpected error in process_ocr_results: (1, 'Error, cannot read input file C:\\Users\\coolb\\Desktop\\New folder (2)\\uni\\main\\Python\\Python bot: Permission denied Error during processing.')
ERROR:root:Unexpected error in process_ocr_results: (1, 'Error, cannot read input file C:\\Users\\coolb\\Desktop\\New folder (2)\\uni\\main\\Python\\Python bot: Permission denied Error during processing.')
ERROR:root:Unexpected error in process_ocr_results: (1, 'Error, cannot read input file C:\\Users\\coolb\\Desktop\\New folder (2)\\uni\\main\\Python\\Python bot: Permission denied Error during processing.')
ERROR:root:Unexpected error in process_ocr_results: (1, 'Error, cannot read input file C:\\Users\\coolb\\Desktop\\New folder (2)\\uni\\main\\Python\\Python bot: Permission denied Error during processing.')
ERROR:root:Unexpected error in process_ocr_results: (1, 'Error, cannot read input file C:\\Users\\coolb\\Desktop\\New folder (2)\\uni\\main\\Python\\Python bot: Permission denied Error during processing.')
ERROR:root:Unexpected error in process_ocr_results: (1, 'Error, cannot read input file C:\\Users\\coolb\\Desktop\\New folder (2)\\uni\\main\\Python\\Python bot: Permission denied Error during processing.')
ERROR:root:Unexpected error in process_ocr_results: (1, 'Error, cannot read input file C:\\Users\\coolb\\Desktop\\New folder (2)\\uni\\main\\Python\\Python bot: Permission denied Error during processing.')
ERROR:root:Unexpected error in process_ocr_results: (1, 'Error, cannot read input file C:\\Users\\coolb\\Desktop\\New folder (2)\\uni\\main\\Python\\Python bot: Permission denied Error during processing.')
ERROR:root:Unexpected error in process_ocr_results: (1, 'Error, cannot read input file C:\\Users\\coolb\\Desktop\\New folder (2)\\uni\\main\\Python\\Python bot: Permission denied Error during processing.')
ERROR:root:Unexpected error in process_ocr_results: (1, 'Error, cannot read input file C:\\Users\\coolb\\Desktop\\New folder (2)\\uni\\main\\Python\\Python bot: Permission denied Error during processing.')
ERROR:root:Unexpected error in process_ocr_results: (1, 'Error, cannot read input file C:\\Users\\coolb\\Desktop\\New folder (2)\\uni\\main\\Python\\Python bot: Permission denied Error during processing.')
ERROR:root:Unexpected error in process_ocr_results: (1, 'Error, cannot read input file C:\\Users\\coolb\\Desktop\\New folder (2)\\uni\\main\\Python\\Python bot: Permission denied Error during processing.')
ERROR:root:Unexpected error in process_ocr_results: (1, 'Error, cannot read input file C:\\Users\\coolb\\Desktop\\New folder (2)\\uni\\main\\Python\\Python bot: Permission denied Error during processing.')
ERROR:root:Unexpected error in process_ocr_results: (1, 'Error, cannot read input file C:\\Users\\coolb\\Desktop\\New folder (2)\\uni\\main\\Python\\Python bot: Permission denied Error during processing.')
ERROR:root:Unexpected error in process_ocr_results: (1, 'Error, cannot read input file C:\\Users\\coolb\\Desktop\\New folder (2)\\uni\\main\\Python\\Python bot: Permission denied Error during processing.')
ERROR:root:Unexpected error in process_ocr_results: (1, 'Error, cannot read input file C:\\Users\\coolb\\Desktop\\New folder (2)\\uni\\main\\Python\\Python bot: Permission denied Error during processing.')
ERROR:root:Unexpected error in process_ocr_results: (1, 'Error, cannot read input file C:\\Users\\coolb\\Desktop\\New folder (2)\\uni\\main\\Python\\Python bot: Permission denied Error during processing.')
ERROR:root:Unexpected error in process_ocr_results: (1, 'Error, cannot read input file C:\\Users\\coolb\\Desktop\\New folder (2)\\uni\\main\\Python\\Python bot: Permission denied Error during processing.')
ERROR:root:Unexpected error in process_ocr_results: (1, 'Error, cannot read input file C:\\Users\\coolb\\Desktop\\New folder (2)\\uni\\main\\Python\\Python bot: Permission denied Error during processing.')
ERROR:root:Unexpected error in process_ocr_results: (1, 'Error, cannot read input file C:\\Users\\coolb\\Desktop\\New folder (2)\\uni\\main\\Python\\Python bot: Permission denied Error during processing.')
ERROR:root:Unexpected error in process_ocr_results: (1, 'Error, cannot read input file C:\\Users\\coolb\\Desktop\\New folder (2)\\uni\\main\\Python\\Python bot: Permission denied Error during processing.')
ERROR:root:Unexpected error in process_ocr_results: (1, 'Error, cannot read input file C:\\Users\\coolb\\Desktop\\New folder (2)\\uni\\main\\Python\\Python bot: Permission denied Error during processing.')
ERROR:root:Unexpected error in process_ocr_results: (1, 'Error, cannot read input file C:\\Users\\coolb\\Desktop\\New folder (2)\\uni\\main\\Python\\Python bot: Permission denied Error during processing.')
ERROR:root:Unexpected error in process_ocr_results: (1, 'Error, cannot read input file C:\\Users\\coolb\\Desktop\\New folder (2)\\uni\\main\\Python\\Python bot: Permission denied Error during processing.')
ERROR:root:Unexpected error in process_ocr_results: (1, 'Error, cannot read input file C:\\Users\\coolb\\Desktop\\New folder (2)\\uni\\main\\Python\\Python bot: Permission denied Error during processing.')
ERROR:root:Unexpected error in process_ocr_results: (1, 'Error, cannot read input file C:\\Users\\coolb\\Desktop\\New folder (2)\\uni\\main\\Python\\Python bot: Permission denied Error during processing.')
ERROR:root:Unexpected error in process_ocr_results: (1, 'Error, cannot read input file C:\\Users\\coolb\\Desktop\\New folder (2)\\uni\\main\\Python\\Python bot: Permission denied Error during processing.')
ERROR:root:Unexpected error in process_ocr_results: (1, 'Error, cannot read input file C:\\Users\\coolb\\Desktop\\New folder (2)\\uni\\main\\Python\\Python bot: Permission denied Error during processing.')
ERROR:root:Unexpected error in process_ocr_results: (1, 'Error, cannot read input file C:\\Users\\coolb\\Desktop\\New folder (2)\\uni\\main\\Python\\Python bot: Permission denied Error during processing.')
ERROR:root:Unexpected error in process_ocr_results: (1, 'Error, cannot read input file C:\\Users\\coolb\\Desktop\\New folder (2)\\uni\\main\\Python\\Python bot: Permission denied Error during processing.')
ERROR:root:Unexpected error in process_ocr_results: (1, 'Error, cannot read input file C:\\Users\\coolb\\Desktop\\New folder (2)\\uni\\main\\Python\\Python bot: Permission denied Error during processing.')
ERROR:root:Unexpected error in process_ocr_results: (1, 'Error, cannot read input file C:\\Users\\coolb\\Desktop\\New folder (2)\\uni\\main\\Python\\Python bot: Permission denied Error during processing.')
ERROR:root:Unexpected error in process_ocr_results: (1, 'Error, cannot read input file C:\\Users\\coolb\\Desktop\\New folder (2)\\uni\\main\\Python\\Python bot: Permission denied Error during processing.')
ERROR:root:Unexpected error in process_ocr_results: (1, 'Error, cannot read input file C:\\Users\\coolb\\Desktop\\New folder (2)\\uni\\main\\Python\\Python bot: Permission denied Error during processing.')
ERROR:root:Unexpected error in process_ocr_results: (1, 'Error, cannot read input file C:\\Users\\coolb\\Desktop\\New folder (2)\\uni\\main\\Python\\Python bot: Permission denied Error during processing.')
ERROR:root:Unexpected error in process_ocr_results: (1, 'Error, cannot read input file C:\\Users\\coolb\\Desktop\\New folder (2)\\uni\\main\\Python\\Python bot: Permission denied Error during processing.')
ERROR:root:Unexpected error in process_ocr_results: (1, 'Error, cannot read input file C:\\Users\\coolb\\Desktop\\New folder (2)\\uni\\main\\Python\\Python bot: Permission denied Error during processing.')
ERROR:root:Unexpected error in process_ocr_results: (1, 'Error, cannot read input file C:\\Users\\coolb\\Desktop\\New folder (2)\\uni\\main\\Python\\Python bot: Permission denied Error during processing.')
ERROR:root:Unexpected error in process_ocr_results: (1, 'Error, cannot read input file C:\\Users\\coolb\\Desktop\\New folder (2)\\uni\\main\\Python\\Python bot: Permission denied Error during processing.')
ERROR:root:Unexpected error in process_ocr_results: (1, 'Error, cannot read input file C:\\Users\\coolb\\Desktop\\New folder (2)\\uni\\main\\Python\\Python bot: Permission denied Error during processing.')
ERROR:root:Unexpected error in process_ocr_results: (1, 'Error, cannot read input file C:\\Users\\coolb\\Desktop\\New folder (2)\\uni\\main\\Python\\Python bot: Permission denied Error during processing.')
ERROR:root:Unexpected error in process_ocr_results: (1, 'Error, cannot read input file C:\\Users\\coolb\\Desktop\\New folder (2)\\uni\\main\\Python\\Python bot: Permission denied Error during processing.')
ERROR:root:Unexpected error in process_ocr_results: (1, 'Error, cannot read input file C:\\Users\\coolb\\Desktop\\New folder (2)\\uni\\main\\Python\\Python bot: Permission denied Error during processing.')
ERROR:root:Unexpected error in process_ocr_results: (1, 'Error, cannot read input file C:\\Users\\coolb\\Desktop\\New folder (2)\\uni\\main\\Python\\Python bot: Permission denied Error during processing.')
ERROR:root:Unexpected error in process_ocr_results: (1, 'Error, cannot read input file C:\\Users\\coolb\\Desktop\\New folder (2)\\uni\\main\\Python\\Python bot: Permission denied Error during processing.')
ERROR:root:Unexpected error in process_ocr_results: (1, 'Error, cannot read input file C:\\Users\\coolb\\Desktop\\New folder (2)\\uni\\main\\Python\\Python bot: Permission denied Error during processing.')
ERROR:root:Unexpected error in process_ocr_results: (1, 'Error, cannot read input file C:\\Users\\coolb\\Desktop\\New folder (2)\\uni\\main\\Python\\Python bot: Permission denied Error during processing.')
ERROR:root:Unexpected error in process_ocr_results: (1, 'Error, cannot read input file C:\\Users\\coolb\\Desktop\\New folder (2)\\uni\\main\\Python\\Python bot: Permission denied Error during processing.')
ERROR:root:Unexpected error in process_ocr_results: (1, 'Error, cannot read input file C:\\Users\\coolb\\Desktop\\New folder (2)\\uni\\main\\Python\\Python bot: Permission denied Error during processing.')
ERROR:root:Unexpected error in process_ocr_results: (1, 'Error, cannot read input file C:\\Users\\coolb\\Desktop\\New folder (2)\\uni\\main\\Python\\Python bot: Permission denied Error during processing.')
ERROR:root:Unexpected error in process_ocr_results: (1, 'Error, cannot read input file C:\\Users\\coolb\\Desktop\\New folder (2)\\uni\\main\\Python\\Python bot: Permission denied Error during processing.')
ERROR:root:Unexpected error in process_ocr_results: (1, 'Error, cannot read input file C:\\Users\\coolb\\Desktop\\New folder (2)\\uni\\main\\Python\\Python bot: Permission denied Error during processing.')
ERROR:root:Unexpected error in process_ocr_results: (1, 'Error, cannot read input file C:\\Users\\coolb\\Desktop\\New folder (2)\\uni\\main\\Python\\Python bot: Permission denied Error during processing.')
ERROR:root:Unexpected error in process_ocr_results: (1, 'Error, cannot read input file C:\\Users\\coolb\\Desktop\\New folder (2)\\uni\\main\\Python\\Python bot\\eee a new chat  show pdf for analysis previous 90 days  new chat  automate forensic image cre : Invalid argument Error during processing.')
ERROR:root:Unexpected error in process_ocr_results: (1, 'Error, cannot read input file C:\\Users\\coolb\\Desktop\\New folder (2)\\uni\\main\\Python\\Python bot\\eee a new chat  show pdf for analysis previous 90 days  new chat  automate forensic image cre : Invalid argument Error during processing.')
ERROR:root:Unexpected error in process_ocr_results: (1, 'Error, cannot read input file C:\\Users\\coolb\\Desktop\\New folder (2)\\uni\\main\\Python\\Python bot\\eee a new chat  show pdf for analysis previous 90 days  new chat  automate forensic image cre : Invalid argument Error during processing.')
ERROR:root:UnicodeDecodeError in process_ocr_results: 'utf-8' codec can't decode byte 0x97 in position 95: invalid start byte
ERROR:root:Unexpected error in process_ocr_results: (1, 'Error, cannot read input file C:\\Users\\coolb\\Desktop\\New folder (2)\\uni\\main\\Python\\Python bot\\eee a new chat  show pdf for analysis previous 90 days  new chat  automate forensic image cre : Invalid argument Error during processing.')
ERROR:root:Unexpected error in process_ocr_results: (1, 'Error, cannot read input file C:\\Users\\coolb\\Desktop\\New folder (2)\\uni\\main\\Python\\Python bot\\eee a new chat  show pdf for analysis previous 90 days  new chat  automate forensic image cre : Invalid argument Error during processing.')
ERROR:root:UnicodeDecodeError in process_ocr_results: 'utf-8' codec can't decode byte 0x97 in position 95: invalid start byte
ERROR:root:UnicodeDecodeError in process_ocr_results: 'utf-8' codec can't decode byte 0x97 in position 95: invalid start byte
ERROR:root:UnicodeDecodeError in process_ocr_results: 'utf-8' codec can't decode byte 0x97 in position 719: invalid start byte
ERROR:root:Unexpected error in process_ocr_results: (1, 'Error, cannot read input file C:\\Users\\coolb\\Desktop\\New folder (2)\\uni\\main\\Python\\Python bot\\[7:15:38 am] hjigbhikg : [gold [75:45 am] laomaogiai : [gold  [75:47 am] czarfighter  [75:47 amjhgr : [gold ore]2 [75:89 amjhiigbhikg : [gold  wossee nese een ooo pbuying 750g ea! ~>[ gold ingot] waneseeeeeeeee eae riiving 150 fai ~31 troll pole  hs  [twosworasteve  : No such file or directory Error during processing.')
ERROR:root:Unexpected error in process_ocr_results: (1, 'Error, cannot read input file C:\\Users\\coolb\\Desktop\\New folder (2)\\uni\\main\\Python\\Python bot\\fea ns role se ran itt glen sartre a bak alee |  [7:15:38 amjhjigbhikg : [gold ore] 3 600  [7:15:45 am] laomaogiai : [gold ore] wtb 2=250 4=500 8=1000 10=1250wtb 2=250 4=500  8=1000 10=1250  [75:47 am] czarfighter : [gold ore]300g  [15:47 amjhgr : [gold ore}200  [7:15:49 am] hjigbhikg : [gold ore] 3 600  [7:15:49 am] bloodblitz : [gold ore}x2 400g  [7:15:50 am] dukandduku : [gold ore x2 wts 200g each  [7:15:50 am] solidcok : ~~~~~~~~~~~~~~~~~~~~>buying 10g ea! ~>[candy com] we eeeeeeeeeeeaeo2==buying 150g ea! ~>[ gold ore] weveeeeoeo eee eeeo=== buying 750g ea! ~>[ gold ingot] seveeeeeeeeeeeenea== buying 1250g ea! =>[ troll pelt)  = al |  : No such file or directory Error during processing.')
ERROR:root:Unexpected error in process_ocr_results: (1, 'Error, cannot read input file C:\\Users\\coolb\\Desktop\\New folder (2)\\uni\\main\\Python\\Python bot\\fea ns role se ran itt glen sartre a bak alee |  [7:15:38 amjhjigbhikg : [gold ore] 3 600  [7:15:45 am] laomaogiai : [gold ore] wtb 2=250 4=500 8=1000 10=1250wtb 2=250 4=500  8=1000 10=1250  [75:47 am] czarfighter : [gold ore]300g  [15:47 amjhgr : [gold ore}200  [7:15:49 am] hjigbhikg : [gold ore] 3 600  [7:15:49 am] bloodblitz : [gold ore}x2 400g  [7:15:50 am] dukandduku : [gold ore x2 wts 200g each  [7:15:50 am] solidcok : ~~~~~~~~~~~~~~~~~~~~>buying 10g ea! ~>[candy com] we eeeeeeeeeeeaeo2==buying 150g ea! ~>[ gold ore] weveeeeoeo eee eeeo=== buying 750g ea! ~>[ gold ingot] seveeeeeeeeeeeenea== buying 1250g ea! =>[ troll pelt)  = al |  : No such file or directory Error during processing.')
ERROR:root:Unexpected error in process_ocr_results: (1, 'Error, cannot read input file C:\\Users\\coolb\\Desktop\\New folder (2)\\uni\\main\\Python\\Python bot\\fea ns role se ran itt glen sartre a bak alee |  [7:15:38 amjhjigbhikg : [gold ore] 3 600  [7:15:45 am] laomaogiai : [gold ore] wtb 2=250 4=500 8=1000 10=1250wtb 2=250 4=500  8=1000 10=1250  [75:47 am] czarfighter : [gold ore]300g  [15:47 amjhgr : [gold ore}200  [7:15:49 am] hjigbhikg : [gold ore] 3 600  [7:15:49 am] bloodblitz : [gold ore}x2 400g  [7:15:50 am] dukandduku : [gold ore x2 wts 200g each  [7:15:50 am] solidcok : ~~~~~~~~~~~~~~~~~~~~>buying 10g ea! ~>[candy com] we eeeeeeeeeeeaeo2==buying 150g ea! ~>[ gold ore] weveeeeoeo eee eeeo=== buying 750g ea! ~>[ gold ingot] seveeeeeeeeeeeenea== buying 1250g ea! =>[ troll pelt)  = al |  : No such file or directory Error during processing.')
ERROR:root:Unexpected error in process_ocr_results: (1, 'Error, cannot read input file C:\\Users\\coolb\\Desktop\\New folder (2)\\uni\\main\\Python\\Python bot\\baleen mio ecards sir, ea ethan dai ey [715:45 am] laomaogiai : [gold ore] wtb 2=250 4=500 8=1000 10=1250wtb 2=250 4=500 8=1000 101250  [75:47 am] czarfighter : [gold ore]300g  [15:47 amjhgr : [gold ore}200  [7:15:49 am] hjigbhikg : [gold ore] 3 600  [7:15:49 am] bloodblitz [gold ore]x2 400g  [7:15:50 am] dukandduku : [gold ore]x2 wts 200g each  [7:15:50 am] solidcok : ~~~~~~~~~~~~~~~~~~=~>buying 10g ea! ~>[candy com] seeeeeeeeeeooaaaa===buying 150g ea! ~>[ gold ore] weeeeeeeeeeeaeo2>> buying 750g ea! ~>[ gold ingot] so vveeeveeoe=2>====buying 1250g ea! =>| troll pelt)  [7:15:54 am] priestboytoy : wtb [gold ore] 1706 each  = al |  : No such file or directory Error during processing.')
ERROR:root:UnicodeDecodeError in process_ocr_results: 'utf-8' codec can't decode byte 0x91 in position 749: invalid start byte
ERROR:root:UnicodeDecodeError in process_ocr_results: 'utf-8' codec can't decode byte 0x91 in position 728: invalid start byte
ERROR:root:Unexpected error in process_ocr_results: (1, 'Error, cannot read input file C:\\Users\\coolb\\Desktop\\New folder (2)\\uni\\main\\Python\\Python bot\\by ee lla while  [75:47 am] czarfighter : [gold ore]300g  [15:47 amjhgr : [gold ore}200  [7:15:49 am] hjigbhikg : [gold ore] 3 600  [7:15:49 am] bloodblitz : [gold ore}x2 400g  [7:15:50 am] dukandduku : [gold ore]x2 wts 200g each  [7:15:50 am] solidcok : ~~~~~~~~~~~~~~~~~~~~>buying 10g ea! ~>[candy corn] weeeeeeeeeeeeeaoa=2=buying 150g ea! ~>[ gold ore] weveeeeeeeeeeaaeo2>= buying 750g ea! ~>[ gold ingot] so +eeveveee>2====~>buying 1250g ea! =>| troll pelt)  [7:15:54 am] priestboytoy : wtb [gold ore] 170g each  [7:15:55 am] laomaogiai : [gold ore] wtb 2=250 4=500 8=1000 101250  [75:57 am] akinorrirouge : [gold ore]3x 600g  = mar |  : No such file or directory Error during processing.')
ERROR:root:UnicodeDecodeError in process_ocr_results: 'utf-8' codec can't decode byte 0x91 in position 760: invalid start byte
ERROR:root:UnicodeDecodeError in process_ocr_results: 'utf-8' codec can't decode byte 0x91 in position 769: invalid start byte
ERROR:root:UnicodeDecodeError in process_ocr_results: 'utf-8' codec can't decode byte 0x91 in position 779: invalid start byte
ERROR:root:UnicodeDecodeError in process_ocr_results: 'utf-8' codec can't decode byte 0x91 in position 779: invalid start byte
ERROR:root:UnicodeDecodeError in process_ocr_results: 'utf-8' codec can't decode byte 0x91 in position 779: invalid start byte
ERROR:root:UnicodeDecodeError in process_ocr_results: 'utf-8' codec can't decode byte 0x91 in position 779: invalid start byte
ERROR:root:UnicodeDecodeError in process_ocr_results: 'utf-8' codec can't decode byte 0x91 in position 779: invalid start byte
ERROR:root:UnicodeDecodeError in process_ocr_results: 'utf-8' codec can't decode byte 0x91 in position 779: invalid start byte
ERROR:root:Unexpected error in process_ocr_results: (1, 'Error, cannot read input file C:\\Users\\coolb\\Desktop\\New folder (2)\\uni\\main\\Python\\Python bot\\ad ee an an phelan te ee ei ae  [7:15:49 am] bloodblitz : [gold ore}x2 400g  [7:15:50 am] dukandduku : [gold ore x2 wts 200g each  [7:15:50 am] solidcok : ~~~~~~~~~~~~~~~~~~=~>buying 10g ea! ~>[candy com] seeeeeeseeeeseeoe=== buying 150g ea! ~>[ gold ore] weveeeeeooeeeasos== buying 750g ea! ~>[ gold ingot] sovveeeeeeno2>===~buying 1250g ea! =>| troll pelt)  [7:15:54 am] priestboytoy : wtb [gold ore] 170g each  [7:15:55 am] laomaogiai : [gold ore] wtb 2=250 4=500 8=1000 10=1250  [7:15:57 am] akinorrirouge : [gold ore ]3x 600g  [15:57 am] czarfighter : [gold ore]*2 300g  [7:15:58 am] godzll : [gold ore]*3 580g  [7:16:05 am] laomaogiai : [gold ore] wtb  : No such file or directory Error during processing.')
ERROR:root:Unexpected error in process_ocr_results: (1, 'Error, cannot read input file C:\\Users\\coolb\\Desktop\\New folder (2)\\uni\\main\\Python\\Python bot\\shaheen nists gc 3b wiingahe gage ts,  [7:15:50 am] dukandduku : [gold ore x2 wts 200g each  [7:15:50 am] solidcok : ~~~~~~~~~~~~~~~~~~~~>buying 10g ea! ~>[candy corn] seven eeeeeeoee2===buying 150g ea! ~>[ gold ore] seveeeeoe eee eeeeoa2- buying 750g ea! ~>[ gold ingot] so veeveeeee=oa2=22>~>buying 1250g ea! => troll pelt)  [7:15:54 am] priestboytoy : wtb [gold ore] 170g each  [7:15:55 am] laomaogiai : [gold ore] wtb 2=250 4=500 8=1000 10=1250  [75:57 am] akinorrirouge : [gold ore]3x 600g  [15:57 am] czarfighter : [gold ore]*2 300g  [7:15:58 am] godzll : [gold ore]*3 580g  [7:16:05 am] laomaogiai : [gold ore] wtb 2=250 4=500 8=1000 10=1250  [7:16:06 am] zaluva : [gold ore]550g 3x  : No such file or directory Error during processing.')
ERROR:root:Unexpected error in process_ocr_results: (1, 'Error, cannot read input file C:\\Users\\coolb\\Desktop\\New folder (2)\\uni\\main\\Python\\Python bot\\tre kcra belper ls or ee ee  [7:15:50 am] solidcok : ~~~~~~~~~~~~~~~~~~=~>buying 10g ea! ~>[candy com] weeeeeeeeeee eon oo2== buying 150g ea! ~>[ gold ore] weveeeee ee oe eeeeoo== buying 750g ea! ~>[ gold ingot] so veeeeeeeee+oo==>=buying 1250g ea! =>| troll pelt)  [7:15:54 am] priestboytoy : wtb [gold ore] 170g each  [7:15:55 am] laomaogiai : [gold ore] wtb 2=250 4=500 8=1000 10=1250  [75:57 am] akinorrirouge : [gold ore]3x 600g  [15:57 am] czarfighter : [gold ore]*2 300g  [7:15:58 am] godzll : [gold ore]*3 580g  [7:16:05 am] laomaogiai : [gold ore] wtb 2=250 4=500 8=1000 10=1250  [7:16:06 am] zaluva : [gold ore]550g 3x  [7:16:06 am] lordlargequaads : [gold ore]x6 1200  = al |  : No such file or directory Error during processing.')
ERROR:root:Unexpected error in process_ocr_results: (1, 'Error, cannot read input file C:\\Users\\coolb\\Desktop\\New folder (2)\\uni\\main\\Python\\Python bot\\aaa een ar drt ses ri rpo lo aea erent so ta ua, epg ra toe ne gatelbanas weeeeeeeeeeoeeeeo===buying 150g ea! ~>[ gold ore] weveeeeseoeeaooao2== buying 750g ea! ~>[ gold ingot] z+vveeeeene+>2>==>=>buying 1250g ea! =>| troll pelt)  [7:15:54 am] priestboytoy : wtb [gold ore] 170g each  [7:15:55 am] laomaogiai : [gold ore] wtb 2=250 4=500 8=1000 10=1250  [75:57 am] akinorrirouge : [gold ore]3x 600g  [75:57 am] czarfighter : [gold ore]*2 300g  [7:15:58 am] godzll : [gold ore]*3 580g  [7:16:05 am] laomaogiai : [gold ore] wtb 2=250 4=500 8=1000 10=1250  [7:16:06 am] zaluva : [gold ore]550g 3x  [7:16:06 am] lordlargequaads : [gold ore]x6 1200  [7:16:08 am] darkestguitarist : [gold ore}x3 600  = mar |  : No such file or directory Error during processing.')
ERROR:root:Unexpected error in process_ocr_results: (1, 'Error, cannot read input file C:\\Users\\coolb\\Desktop\\New folder (2)\\uni\\main\\Python\\Python bot\\aaa een ar drt ses ri rpo lo aea erent so ta ua, epg ra toe ne gatelbanas weeeeeeeeeeoeeeeo===buying 150g ea! ~>[ gold ore] weveeeeseoeeaooao2== buying 750g ea! ~>[ gold ingot] z+vveeeeene+>2>==>=>buying 1250g ea! =>| troll pelt)  [7:15:54 am] priestboytoy : wtb [gold ore] 170g each  [7:15:55 am] laomaogiai : [gold ore] wtb 2=250 4=500 8=1000 10=1250  [75:57 am] akinorrirouge : [gold ore]3x 600g  [75:57 am] czarfighter : [gold ore]*2 300g  [7:15:58 am] godzll : [gold ore]*3 580g  [7:16:05 am] laomaogiai : [gold ore] wtb 2=250 4=500 8=1000 10=1250  [7:16:06 am] zaluva : [gold ore]550g 3x  [7:16:06 am] lordlargequaads : [gold ore]x6 1200  [7:16:08 am] darkestguitarist : [gold ore}x3 600  = mar |  : No such file or directory Error during processing.')
ERROR:root:Unexpected error in process_ocr_results: (1, 'Error, cannot read input file C:\\Users\\coolb\\Desktop\\New folder (2)\\uni\\main\\Python\\Python bot\\aaa een ar drt ses ri rpo lo aea erent so ta ua, epg ra toe ne gatelbanas weeeeeeeeeeoeeeeo===buying 150g ea! ~>[ gold ore] weveeeeseoeeaooao2== buying 750g ea! ~>[ gold ingot] z+vveeeeene+>2>==>=>buying 1250g ea! =>| troll pelt)  [7:15:54 am] priestboytoy : wtb [gold ore] 170g each  [7:15:55 am] laomaogiai : [gold ore] wtb 2=250 4=500 8=1000 10=1250  [75:57 am] akinorrirouge : [gold ore]3x 600g  [75:57 am] czarfighter : [gold ore]*2 300g  [7:15:58 am] godzll : [gold ore]*3 580g  [7:16:05 am] laomaogiai : [gold ore] wtb 2=250 4=500 8=1000 10=1250  [7:16:06 am] zaluva : [gold ore]550g 3x  [7:16:06 am] lordlargequaads : [gold ore]x6 1200  [7:16:08 am] darkestguitarist : [gold ore}x3 600  = mar |  : No such file or directory Error during processing.')
ERROR:root:Unexpected error in process_ocr_results: (1, 'Error, cannot read input file C:\\Users\\coolb\\Desktop\\New folder (2)\\uni\\main\\Python\\Python bot\\aaa een ar drt ses ri rpo lo aea erent so ta ua, epg ra toe ne gatelbanas weeeeeeeeeeoeeeeo===buying 150g ea! ~>[ gold ore] weveeeeseoeeaooao2== buying 750g ea! ~>[ gold ingot] z+vveeeeene+>2>==>=>buying 1250g ea! =>| troll pelt)  [7:15:54 am] priestboytoy : wtb [gold ore] 170g each  [7:15:55 am] laomaogiai : [gold ore] wtb 2=250 4=500 8=1000 10=1250  [75:57 am] akinorrirouge : [gold ore]3x 600g  [75:57 am] czarfighter : [gold ore]*2 300g  [7:15:58 am] godzll : [gold ore]*3 580g  [7:16:05 am] laomaogiai : [gold ore] wtb 2=250 4=500 8=1000 10=1250  [7:16:06 am] zaluva : [gold ore]550g 3x  [7:16:06 am] lordlargequaads : [gold ore]x6 1200  [7:16:08 am] darkestguitarist : [gold ore}x3 600  = mar |  : No such file or directory Error during processing.')
ERROR:root:UnicodeDecodeError in process_ocr_results: 'utf-8' codec can't decode byte 0x91 in position 784: invalid start byte
ERROR:root:UnicodeDecodeError in process_ocr_results: 'utf-8' codec can't decode byte 0x91 in position 784: invalid start byte
ERROR:root:UnicodeDecodeError in process_ocr_results: 'utf-8' codec can't decode byte 0x91 in position 784: invalid start byte
ERROR:root:UnicodeDecodeError in process_ocr_results: 'utf-8' codec can't decode byte 0x91 in position 760: invalid start byte
ERROR:root:Unexpected error in process_ocr_results: (1, "Error, cannot read input file C:\\Users\\coolb\\Desktop\\New folder (2)\\uni\\main\\Python\\Python bot\\haiti lirniehieta si srs, te ie tbate >) moka  [7:15:58 am] godzll : [gold ore]*3 580g  [7:16:05 am] laomaogiai : [gold ore] wtb 2=250 4=500 8=1000 10=1250  [7:16:06 am] zaluva : [gold ore]550g 3x  [7:16:06 am] lordlargequaads : [gold ore]x6 1200  [7:16:08 am] darkestguitarist : [gold ore}x3 600  [7:16:12 am] bloodblitz : [gold ore'}x2 400g  [1:16:12 am ] solidcok : ~~~~~~~~~~~~~~~~~~==>buying 10g ea! ~>[candy corn] seveeeeeeeoeooooo2==buying 150g ea! ~>[ gold ore] weveeeeeoeeeeaseo=>=buying 750g ea! ~>[ gold ingot] sovveeneeeeoea==~buying 1250g ea! =>[ troll pelt)  [7:16:15 am]hiigbhikg : [gold ore] 3 600  [7:16:16 am] laomaogiai : [gold ore] wtb 2=250  300  10001  1250  : No such file or directory Error during processing.")
ERROR:root:Unexpected error in process_ocr_results: (1, "Error, cannot read input file C:\\Users\\coolb\\Desktop\\New folder (2)\\uni\\main\\Python\\Python bot\\ert ene or ee  [7:16:05 am] laomaogiai : [gold ore] wtb 2=250 4=500 8=1000 10=1250  [7:16:06 am] zaluva : [gold ore]550g 3x  [7:16:06 am] lordlargequaads : [gold ore]x6 1200  [7:16:08 am] darkestguttarist : [gold ore}x3 600  [7:16:12 am] bloodblitz : [gold ore'}x2 400g  [1:16:12 am] solidcok : ~~~~-~~~~~~=~=-~~~~=>buying 10g ea! ~>[candy corn] weveeeeeeeeoeoooo===buying 150g ea! ~>[ gold ore] weeeeeeeo ee ooo aos== buying 750g ea! ~>[ gold ingot] xoneeeveeeeeeoo2==~buying 1250g ea! =>[ troll pelt)  [7:16:15 am]hiigbhikg : [gold ore] 3 600  [7:16:16 am] laomaogii : [gold ore] wtb 2=250 4=500 8=1000 10=1250  [7:16:17 am] zaluva : [gold ore]500g 3x  = mar |  : No such file or directory Error during processing.")
ERROR:root:UnicodeDecodeError in process_ocr_results: 'utf-8' codec can't decode byte 0xae in position 193: invalid start byte
ERROR:root:UnicodeDecodeError in process_ocr_results: 'utf-8' codec can't decode byte 0xae in position 193: invalid start byte
ERROR:root:UnicodeDecodeError in process_ocr_results: 'utf-8' codec can't decode byte 0xae in position 193: invalid start byte
ERROR:root:UnicodeDecodeError in process_ocr_results: 'utf-8' codec can't decode byte 0xae in position 193: invalid start byte
ERROR:root:UnicodeDecodeError in process_ocr_results: 'utf-8' codec can't decode byte 0xae in position 193: invalid start byte
ERROR:root:UnicodeDecodeError in process_ocr_results: 'utf-8' codec can't decode byte 0xae in position 193: invalid start byte
ERROR:root:UnicodeDecodeError in process_ocr_results: 'utf-8' codec can't decode byte 0xae in position 193: invalid start byte
ERROR:root:UnicodeDecodeError in process_ocr_results: 'utf-8' codec can't decode byte 0xae in position 193: invalid start byte
ERROR:root:UnicodeDecodeError in process_ocr_results: 'utf-8' codec can't decode byte 0xae in position 193: invalid start byte
ERROR:root:UnicodeDecodeError in process_ocr_results: 'utf-8' codec can't decode byte 0xae in position 193: invalid start byte
ERROR:root:UnicodeDecodeError in process_ocr_results: 'utf-8' codec can't decode byte 0xae in position 193: invalid start byte
ERROR:root:UnicodeDecodeError in process_ocr_results: 'utf-8' codec can't decode byte 0xae in position 193: invalid start byte
ERROR:root:UnicodeDecodeError in process_ocr_results: 'utf-8' codec can't decode byte 0xae in position 193: invalid start byte
ERROR:root:UnicodeDecodeError in process_ocr_results: 'utf-8' codec can't decode byte 0xae in position 193: invalid start byte
ERROR:root:UnicodeDecodeError in process_ocr_results: 'utf-8' codec can't decode byte 0xae in position 193: invalid start byte
ERROR:root:UnicodeDecodeError in process_ocr_results: 'utf-8' codec can't decode byte 0xae in position 193: invalid start byte
ERROR:root:UnicodeDecodeError in process_ocr_results: 'utf-8' codec can't decode byte 0xae in position 193: invalid start byte
ERROR:root:UnicodeDecodeError in process_ocr_results: 'utf-8' codec can't decode byte 0xae in position 193: invalid start byte
ERROR:root:UnicodeDecodeError in process_ocr_results: 'utf-8' codec can't decode byte 0xae in position 193: invalid start byte
ERROR:root:UnicodeDecodeError in process_ocr_results: 'utf-8' codec can't decode byte 0xae in position 193: invalid start byte
ERROR:root:UnicodeDecodeError in process_ocr_results: 'utf-8' codec can't decode byte 0xae in position 193: invalid start byte
ERROR:root:UnicodeDecodeError in process_ocr_results: 'utf-8' codec can't decode byte 0xae in position 193: invalid start byte
ERROR:root:UnicodeDecodeError in process_ocr_results: 'utf-8' codec can't decode byte 0xae in position 193: invalid start byte
ERROR:root:UnicodeDecodeError in process_ocr_results: 'utf-8' codec can't decode byte 0xae in position 193: invalid start byte
ERROR:root:UnicodeDecodeError in process_ocr_results: 'utf-8' codec can't decode byte 0xae in position 193: invalid start byte
ERROR:root:UnicodeDecodeError in process_ocr_results: 'utf-8' codec can't decode byte 0xae in position 193: invalid start byte
ERROR:root:UnicodeDecodeError in process_ocr_results: 'utf-8' codec can't decode byte 0xae in position 193: invalid start byte
